mode: atomic
github.com/alanshaw/ipfs-hookds/batch/batch.go:15.72,19.2 3 4
github.com/alanshaw/ipfs-hookds/batch/batch.go:22.62,23.36 1 3
github.com/alanshaw/ipfs-hookds/batch/batch.go:26.2,27.35 2 3
github.com/alanshaw/ipfs-hookds/batch/batch.go:30.2,30.12 1 3
github.com/alanshaw/ipfs-hookds/batch/batch.go:23.36,25.3 1 1
github.com/alanshaw/ipfs-hookds/batch/batch.go:27.35,29.3 1 1
github.com/alanshaw/ipfs-hookds/batch/batch.go:34.51,35.39 1 1
github.com/alanshaw/ipfs-hookds/batch/batch.go:38.2,39.38 2 1
github.com/alanshaw/ipfs-hookds/batch/batch.go:42.2,42.12 1 1
github.com/alanshaw/ipfs-hookds/batch/batch.go:35.39,37.3 1 1
github.com/alanshaw/ipfs-hookds/batch/batch.go:39.38,41.3 1 1
github.com/alanshaw/ipfs-hookds/batch/batch.go:46.34,47.39 1 4
github.com/alanshaw/ipfs-hookds/batch/batch.go:50.2,51.38 2 4
github.com/alanshaw/ipfs-hookds/batch/batch.go:54.2,54.12 1 4
github.com/alanshaw/ipfs-hookds/batch/batch.go:47.39,49.3 1 1
github.com/alanshaw/ipfs-hookds/batch/batch.go:51.38,53.3 1 1
github.com/alanshaw/ipfs-hookds/batching.go:18.79,20.2 1 7
github.com/alanshaw/ipfs-hookds/batching.go:23.65,25.2 1 5
github.com/alanshaw/ipfs-hookds/batching.go:28.54,30.2 1 1
github.com/alanshaw/ipfs-hookds/batching.go:33.61,35.2 1 1
github.com/alanshaw/ipfs-hookds/batching.go:38.59,40.2 1 1
github.com/alanshaw/ipfs-hookds/batching.go:43.62,45.2 1 1
github.com/alanshaw/ipfs-hookds/batching.go:48.66,50.2 1 0
github.com/alanshaw/ipfs-hookds/batching.go:53.55,54.42 1 1
github.com/alanshaw/ipfs-hookds/batching.go:57.2,58.41 2 1
github.com/alanshaw/ipfs-hookds/batching.go:61.2,61.17 1 1
github.com/alanshaw/ipfs-hookds/batching.go:54.42,56.3 1 1
github.com/alanshaw/ipfs-hookds/batching.go:58.41,60.3 1 1
github.com/alanshaw/ipfs-hookds/batching.go:67.55,69.2 1 0
github.com/alanshaw/ipfs-hookds/batching.go:72.36,74.2 1 7
github.com/alanshaw/ipfs-hookds/hook.go:16.82,20.2 3 13
github.com/alanshaw/ipfs-hookds/hook.go:23.66,24.36 1 10
github.com/alanshaw/ipfs-hookds/hook.go:27.2,28.35 2 10
github.com/alanshaw/ipfs-hookds/hook.go:31.2,31.12 1 10
github.com/alanshaw/ipfs-hookds/hook.go:24.36,26.3 1 2
github.com/alanshaw/ipfs-hookds/hook.go:28.35,30.3 1 2
github.com/alanshaw/ipfs-hookds/hook.go:35.55,36.39 1 2
github.com/alanshaw/ipfs-hookds/hook.go:39.2,40.38 2 2
github.com/alanshaw/ipfs-hookds/hook.go:43.2,43.12 1 2
github.com/alanshaw/ipfs-hookds/hook.go:36.39,38.3 1 2
github.com/alanshaw/ipfs-hookds/hook.go:40.38,42.3 1 2
github.com/alanshaw/ipfs-hookds/hook.go:47.62,48.36 1 2
github.com/alanshaw/ipfs-hookds/hook.go:51.2,52.35 2 2
github.com/alanshaw/ipfs-hookds/hook.go:55.2,55.19 1 2
github.com/alanshaw/ipfs-hookds/hook.go:48.36,50.3 1 2
github.com/alanshaw/ipfs-hookds/hook.go:52.35,54.3 1 2
github.com/alanshaw/ipfs-hookds/hook.go:59.60,60.36 1 2
github.com/alanshaw/ipfs-hookds/hook.go:63.2,64.35 2 2
github.com/alanshaw/ipfs-hookds/hook.go:67.2,67.20 1 2
github.com/alanshaw/ipfs-hookds/hook.go:60.36,62.3 1 2
github.com/alanshaw/ipfs-hookds/hook.go:64.35,66.3 1 2
github.com/alanshaw/ipfs-hookds/hook.go:71.63,73.2 1 2
github.com/alanshaw/ipfs-hookds/hook.go:76.67,78.2 1 0
github.com/alanshaw/ipfs-hookds/hook.go:83.56,85.2 1 0
github.com/alanshaw/ipfs-hookds/hook.go:88.37,90.2 1 13
